<?xml version="1.0" encoding="UTF-8"?>
<!-- Generated by org.testng.reporters.JUnitReportReporter -->
<testsuite hostname="DESKTOP-7OK20NU" failures="0" tests="5" name="lecture5practice.Lecture5Class" time="27.444" errors="0" timestamp="2024-08-17T04:35:12 EET" skipped="0">
  <testcase classname="lecture5practice.Lecture5Class" name="createAcoountTest" time="4.452"/>
  <system-out/>
  <testcase classname="lecture5practice.Lecture5Class" name="LogOutTest" time="1.914"/>
  <system-out/>
  <testcase classname="lecture5practice.Lecture5Class" name="SignInTest" time="4.026"/>
  <system-out/>
  <testcase classname="lecture5practice.Lecture5Class" name="MenSectionTest" time="6.054"/>
  <system-out/>
  <testcase classname="lecture5practice.Lecture5Class" name="AddReview" time="10.998"/>
  <system-out/>
</testsuite> <!-- lecture5practice.Lecture5Class -->
